{"numTotalTestSuites":30,"numPassedTestSuites":24,"numFailedTestSuites":6,"numPendingTestSuites":0,"numTotalTests":46,"numPassedTests":28,"numFailedTests":18,"numPendingTests":0,"numTodoTests":0,"startTime":1752082335294,"success":false,"testResults":[{"assertionResults":[],"startTime":1752082335294,"endTime":1752082335294,"status":"failed","message":"Failed to resolve import \"@testing-library/react\" from \"src/__tests__/inspection-workflow.test.tsx\". Does the file exist?","name":"/Users/ryanrabideau/doublecheck-field-view/src/__tests__/inspection-workflow.test.tsx"},{"assertionResults":[],"startTime":1752082335294,"endTime":1752082335294,"status":"failed","message":"Transform failed with 1 error:\n/Users/ryanrabideau/doublecheck-field-view/src/__tests__/integration.test.ts:40:25: ERROR: Expected \">\" but found \"client\"","name":"/Users/ryanrabideau/doublecheck-field-view/src/__tests__/integration.test.ts"},{"assertionResults":[{"ancestorTitles":["","VRBO Scraper Implementation","URL Validation"],"fullName":" VRBO Scraper Implementation URL Validation should validate VRBO URLs correctly","status":"passed","title":"should validate VRBO URLs correctly","duration":16,"failureMessages":[]},{"ancestorTitles":["","VRBO Scraper Implementation","URL Validation"],"fullName":" VRBO Scraper Implementation URL Validation should extract property ID from URL","status":"passed","title":"should extract property ID from URL","duration":1,"failureMessages":[]},{"ancestorTitles":["","VRBO Scraper Implementation","Image Processing"],"fullName":" VRBO Scraper Implementation Image Processing should categorize images correctly","status":"passed","title":"should categorize images correctly","duration":0,"failureMessages":[]},{"ancestorTitles":["","VRBO Scraper Implementation","Image Processing"],"fullName":" VRBO Scraper Implementation Image Processing should deduplicate images correctly","status":"passed","title":"should deduplicate images correctly","duration":2,"failureMessages":[]},{"ancestorTitles":["","VRBO Scraper Implementation","Browser Configuration"],"fullName":" VRBO Scraper Implementation Browser Configuration should validate browser configuration","status":"passed","title":"should validate browser configuration","duration":4,"failureMessages":[]},{"ancestorTitles":["","VRBO Scraper Implementation","Browser Configuration"],"fullName":" VRBO Scraper Implementation Browser Configuration should handle gallery automation result correctly","status":"passed","title":"should handle gallery automation result correctly","duration":1,"failureMessages":[]},{"ancestorTitles":["","VRBO Scraper Implementation","Data Completeness"],"fullName":" VRBO Scraper Implementation Data Completeness should calculate data completeness score","status":"passed","title":"should calculate data completeness score","duration":0,"failureMessages":[]},{"ancestorTitles":["","VRBO Scraper Implementation","Data Completeness"],"fullName":" VRBO Scraper Implementation Data Completeness should handle empty data gracefully","status":"passed","title":"should handle empty data gracefully","duration":0,"failureMessages":[]},{"ancestorTitles":["","VRBO Scraper Implementation","Error Handling"],"fullName":" VRBO Scraper Implementation Error Handling should handle network errors gracefully","status":"passed","title":"should handle network errors gracefully","duration":1,"failureMessages":[]},{"ancestorTitles":["","VRBO Scraper Implementation","Error Handling"],"fullName":" VRBO Scraper Implementation Error Handling should create proper error responses","status":"passed","title":"should create proper error responses","duration":0,"failureMessages":[]},{"ancestorTitles":["","VRBO Scraper Implementation","Gallery Automation Logic"],"fullName":" VRBO Scraper Implementation Gallery Automation Logic should implement correct scroll sequence","status":"passed","title":"should implement correct scroll sequence","duration":1,"failureMessages":[]},{"ancestorTitles":["","VRBO Scraper Implementation","Gallery Automation Logic"],"fullName":" VRBO Scraper Implementation Gallery Automation Logic should handle gallery modal detection","status":"passed","title":"should handle gallery modal detection","duration":0,"failureMessages":[]},{"ancestorTitles":["","VRBO Scraper Implementation","Production Readiness"],"fullName":" VRBO Scraper Implementation Production Readiness should implement rate limiting","status":"passed","title":"should implement rate limiting","duration":1,"failureMessages":[]},{"ancestorTitles":["","VRBO Scraper Implementation","Production Readiness"],"fullName":" VRBO Scraper Implementation Production Readiness should support stealth mode features","status":"passed","title":"should support stealth mode features","duration":2,"failureMessages":[]},{"ancestorTitles":["","VRBO Scraper Implementation","Production Readiness"],"fullName":" VRBO Scraper Implementation Production Readiness should handle cleanup properly","status":"passed","title":"should handle cleanup properly","duration":2,"failureMessages":[]}],"startTime":1752082348569,"endTime":1752082348605,"status":"passed","message":"","name":"/Users/ryanrabideau/doublecheck-field-view/src/__tests__/vrbo-scraper.test.ts"},{"assertionResults":[],"startTime":1752082335294,"endTime":1752082335294,"status":"failed","message":"No test suite found in file /Users/ryanrabideau/doublecheck-field-view/src/__tests__/__mocks__/mediaDevices.ts","name":"/Users/ryanrabideau/doublecheck-field-view/src/__tests__/__mocks__/mediaDevices.ts"},{"assertionResults":[],"startTime":1752082335294,"endTime":1752082335294,"status":"failed","message":"No test suite found in file /Users/ryanrabideau/doublecheck-field-view/src/__tests__/__mocks__/openai.ts","name":"/Users/ryanrabideau/doublecheck-field-view/src/__tests__/__mocks__/openai.ts"},{"assertionResults":[],"startTime":1752082335294,"endTime":1752082335294,"status":"failed","message":"No test suite found in file /Users/ryanrabideau/doublecheck-field-view/src/__tests__/__mocks__/supabase.ts","name":"/Users/ryanrabideau/doublecheck-field-view/src/__tests__/__mocks__/supabase.ts"},{"assertionResults":[{"ancestorTitles":["","VRBO Browser Scraper - Basic Tests"],"fullName":" VRBO Browser Scraper - Basic Tests should validate VRBO URLs correctly","status":"passed","title":"should validate VRBO URLs correctly","duration":11,"failureMessages":[]},{"ancestorTitles":["","VRBO Browser Scraper - Basic Tests"],"fullName":" VRBO Browser Scraper - Basic Tests should extract property ID from URL","status":"passed","title":"should extract property ID from URL","duration":3,"failureMessages":[]},{"ancestorTitles":["","VRBO Browser Scraper - Basic Tests"],"fullName":" VRBO Browser Scraper - Basic Tests should categorize images correctly","status":"passed","title":"should categorize images correctly","duration":4,"failureMessages":[]},{"ancestorTitles":["","VRBO Browser Scraper - Basic Tests"],"fullName":" VRBO Browser Scraper - Basic Tests should deduplicate images correctly","status":"passed","title":"should deduplicate images correctly","duration":23,"failureMessages":[]},{"ancestorTitles":["","VRBO Browser Scraper - Basic Tests"],"fullName":" VRBO Browser Scraper - Basic Tests should validate browser configuration","status":"passed","title":"should validate browser configuration","duration":6,"failureMessages":[]},{"ancestorTitles":["","VRBO Browser Scraper - Basic Tests"],"fullName":" VRBO Browser Scraper - Basic Tests should handle gallery automation result correctly","status":"passed","title":"should handle gallery automation result correctly","duration":0,"failureMessages":[]},{"ancestorTitles":["","VRBO Browser Scraper - Basic Tests"],"fullName":" VRBO Browser Scraper - Basic Tests should calculate data completeness score","status":"passed","title":"should calculate data completeness score","duration":2,"failureMessages":[]}],"startTime":1752082348599,"endTime":1752082348650,"status":"passed","message":"","name":"/Users/ryanrabideau/doublecheck-field-view/src/lib/scrapers/__tests__/simple-test.ts"},{"assertionResults":[],"startTime":1752082335294,"endTime":1752082335294,"status":"failed","message":"No test suite found in file /Users/ryanrabideau/doublecheck-field-view/src/lib/scrapers/__tests__/test-runner.ts","name":"/Users/ryanrabideau/doublecheck-field-view/src/lib/scrapers/__tests__/test-runner.ts"},{"assertionResults":[{"ancestorTitles":["","VRBOBrowserScraper","Constructor and Configuration"],"fullName":" VRBOBrowserScraper Constructor and Configuration should create scraper with default configuration","status":"passed","title":"should create scraper with default configuration","duration":39,"failureMessages":[]},{"ancestorTitles":["","VRBOBrowserScraper","Constructor and Configuration"],"fullName":" VRBOBrowserScraper Constructor and Configuration should accept custom browser configuration","status":"passed","title":"should accept custom browser configuration","duration":10,"failureMessages":[]},{"ancestorTitles":["","VRBOBrowserScraper","Browser Session Management"],"fullName":" VRBOBrowserScraper Browser Session Management should create and close browser session successfully","status":"failed","title":"should create and close browser session successfully","duration":5028,"failureMessages":["Test timed out in 5000ms.\nIf this is a long-running test, pass a timeout value as the last argument or configure it globally with \"testTimeout\"."]},{"ancestorTitles":["","VRBOBrowserScraper","Browser Session Management"],"fullName":" VRBOBrowserScraper Browser Session Management should handle browser session creation failure","status":"failed","title":"should handle browser session creation failure","duration":5077,"failureMessages":["Test timed out in 5000ms.\nIf this is a long-running test, pass a timeout value as the last argument or configure it globally with \"testTimeout\"."]},{"ancestorTitles":["","VRBOBrowserScraper","Browser Session Management"],"fullName":" VRBOBrowserScraper Browser Session Management should clean up session even on error","status":"failed","title":"should clean up session even on error","duration":5070,"failureMessages":["Test timed out in 5000ms.\nIf this is a long-running test, pass a timeout value as the last argument or configure it globally with \"testTimeout\"."]},{"ancestorTitles":["","VRBOBrowserScraper","Gallery Automation Integration"],"fullName":" VRBOBrowserScraper Gallery Automation Integration should successfully load gallery images","status":"failed","title":"should successfully load gallery images","duration":5031,"failureMessages":["Test timed out in 5000ms.\nIf this is a long-running test, pass a timeout value as the last argument or configure it globally with \"testTimeout\"."]},{"ancestorTitles":["","VRBOBrowserScraper","Gallery Automation Integration"],"fullName":" VRBOBrowserScraper Gallery Automation Integration should handle gallery automation errors gracefully","status":"failed","title":"should handle gallery automation errors gracefully","duration":5015,"failureMessages":["Test timed out in 5000ms.\nIf this is a long-running test, pass a timeout value as the last argument or configure it globally with \"testTimeout\"."]},{"ancestorTitles":["","VRBOBrowserScraper","Gallery Automation Integration"],"fullName":" VRBOBrowserScraper Gallery Automation Integration should pass correct configuration to gallery automation","status":"failed","title":"should pass correct configuration to gallery automation","duration":5279,"failureMessages":["Test timed out in 5000ms.\nIf this is a long-running test, pass a timeout value as the last argument or configure it globally with \"testTimeout\"."]},{"ancestorTitles":["","VRBOBrowserScraper","Static Fallback Integration"],"fullName":" VRBOBrowserScraper Static Fallback Integration should use static fallback when enabled","status":"passed","title":"should use static fallback when enabled","duration":116,"failureMessages":[]},{"ancestorTitles":["","VRBOBrowserScraper","Static Fallback Integration"],"fullName":" VRBOBrowserScraper Static Fallback Integration should fallback to static when browser automation fails","status":"passed","title":"should fallback to static when browser automation fails","duration":82,"failureMessages":[]},{"ancestorTitles":["","VRBOBrowserScraper","Data Merging"],"fullName":" VRBOBrowserScraper Data Merging should merge gallery and static images correctly","status":"passed","title":"should merge gallery and static images correctly","duration":25,"failureMessages":[]},{"ancestorTitles":["","VRBOBrowserScraper","Data Merging"],"fullName":" VRBOBrowserScraper Data Merging should deduplicate images across sources","status":"passed","title":"should deduplicate images across sources","duration":8,"failureMessages":[]},{"ancestorTitles":["","VRBOBrowserScraper","Error Handling"],"fullName":" VRBOBrowserScraper Error Handling should handle page navigation errors","status":"failed","title":"should handle page navigation errors","duration":5010,"failureMessages":["Test timed out in 5000ms.\nIf this is a long-running test, pass a timeout value as the last argument or configure it globally with \"testTimeout\"."]},{"ancestorTitles":["","VRBOBrowserScraper","Error Handling"],"fullName":" VRBOBrowserScraper Error Handling should handle browser crash during scraping","status":"failed","title":"should handle browser crash during scraping","duration":5007,"failureMessages":["Test timed out in 5000ms.\nIf this is a long-running test, pass a timeout value as the last argument or configure it globally with \"testTimeout\"."]},{"ancestorTitles":["","VRBOBrowserScraper","Error Handling"],"fullName":" VRBOBrowserScraper Error Handling should handle timeout errors","status":"failed","title":"should handle timeout errors","duration":5236,"failureMessages":["Test timed out in 5000ms.\nIf this is a long-running test, pass a timeout value as the last argument or configure it globally with \"testTimeout\"."]},{"ancestorTitles":["","VRBOBrowserScraper","Performance and Metrics"],"fullName":" VRBOBrowserScraper Performance and Metrics should track processing time correctly","status":"failed","title":"should track processing time correctly","duration":5343,"failureMessages":["Test timed out in 5000ms.\nIf this is a long-running test, pass a timeout value as the last argument or configure it globally with \"testTimeout\"."]},{"ancestorTitles":["","VRBOBrowserScraper","Performance and Metrics"],"fullName":" VRBOBrowserScraper Performance and Metrics should calculate data completeness score","status":"failed","title":"should calculate data completeness score","duration":5914,"failureMessages":["Test timed out in 5000ms.\nIf this is a long-running test, pass a timeout value as the last argument or configure it globally with \"testTimeout\"."]},{"ancestorTitles":["","VRBOBrowserScraper","Performance and Metrics"],"fullName":" VRBOBrowserScraper Performance and Metrics should collect browser metadata","status":"failed","title":"should collect browser metadata","duration":5185,"failureMessages":["Test timed out in 5000ms.\nIf this is a long-running test, pass a timeout value as the last argument or configure it globally with \"testTimeout\"."]},{"ancestorTitles":["","VRBOBrowserScraper","URL Validation"],"fullName":" VRBOBrowserScraper URL Validation should validate VRBO URLs correctly","status":"failed","title":"should validate VRBO URLs correctly","duration":590,"failureMessages":["expected true to be false // Object.is equality"],"location":{"line":540,"column":32}},{"ancestorTitles":["","VRBOBrowserScraper","URL Validation"],"fullName":" VRBOBrowserScraper URL Validation should accept valid VRBO URLs","status":"failed","title":"should accept valid VRBO URLs","duration":6517,"failureMessages":["Test timed out in 5000ms.\nIf this is a long-running test, pass a timeout value as the last argument or configure it globally with \"testTimeout\"."]},{"ancestorTitles":["","Convenience Functions","scrapeBrowserVRBOProperty"],"fullName":" Convenience Functions scrapeBrowserVRBOProperty should scrape property and cleanup automatically","status":"failed","title":"should scrape property and cleanup automatically","duration":45,"failureMessages":["vi.mocked(...).mockReturnValue is not a function"],"location":{"line":582,"column":43}},{"ancestorTitles":["","Convenience Functions","scrapeBrowserVRBOProperty"],"fullName":" Convenience Functions scrapeBrowserVRBOProperty should cleanup even on error","status":"failed","title":"should cleanup even on error","duration":5,"failureMessages":["vi.mocked(...).mockReturnValue is not a function"],"location":{"line":597,"column":43}},{"ancestorTitles":["","Integration with Real-World Scenarios"],"fullName":" Integration with Real-World Scenarios should handle properties with many images","status":"failed","title":"should handle properties with many images","duration":12,"failureMessages":["mockGalleryAutomation is not defined"],"location":{"line":621,"column":5}},{"ancestorTitles":["","Integration with Real-World Scenarios"],"fullName":" Integration with Real-World Scenarios should handle properties with slow loading","status":"failed","title":"should handle properties with slow loading","duration":7,"failureMessages":["mockGalleryAutomation is not defined"],"location":{"line":638,"column":5}}],"startTime":1752082351308,"endTime":1752082421075,"status":"failed","message":"","name":"/Users/ryanrabideau/doublecheck-field-view/src/lib/scrapers/__tests__/vrbo-browser-scraper.test.ts"}]}